Command line invocation:
    /Applications/Xcode.app/Contents/Developer/usr/bin/xcodebuild -workspace /Users/kyle/vanilla/ios/vanilla.xcworkspace -scheme vanilla clean archive -archivePath /var/folders/_3/v7n65ttj4p76z2dsdy0mbx8c0000gn/T/__codesigndoc__294133234/vanilla.xcarchive

User defaults from command line:
    IDEArchivePathOverride = /var/folders/_3/v7n65ttj4p76z2dsdy0mbx8c0000gn/T/__codesigndoc__294133234/vanilla.xcarchive

note: Using new build system
note: Building targets in parallel

** CLEAN SUCCEEDED ** [0.397 sec]

note: Using new build system
note: Building targets in parallel
note: Planning build
note: Constructing build description
warning: The iOS deployment target 'IPHONEOS_DEPLOYMENT_TARGET' is set to 8.0, but the range of supported deployment target versions is 9.0 to 14.0.99. (in target 'CocoaLibEvent' from project 'Pods')
warning: The iOS deployment target 'IPHONEOS_DEPLOYMENT_TARGET' is set to 8.0, but the range of supported deployment target versions is 9.0 to 14.0.99. (in target 'Flipper-Glog' from project 'Pods')
warning: The iOS deployment target 'IPHONEOS_DEPLOYMENT_TARGET' is set to 8.0, but the range of supported deployment target versions is 9.0 to 14.0.99. (in target 'Flipper-DoubleConversion' from project 'Pods')
warning: The iOS deployment target 'IPHONEOS_DEPLOYMENT_TARGET' is set to 8.0, but the range of supported deployment target versions is 9.0 to 14.0.99. (in target 'Flipper-Folly' from project 'Pods')
warning: The iOS deployment target 'IPHONEOS_DEPLOYMENT_TARGET' is set to 8.0, but the range of supported deployment target versions is 9.0 to 14.0.99. (in target 'Flipper-RSocket' from project 'Pods')
warning: no rule to process file '/Users/kyle/vanilla/ios/Pods/Flipper-RSocket/rsocket/benchmarks/CMakeLists.txt' of type 'text' for architecture 'armv7' (in target 'Flipper-RSocket' from project 'Pods')
warning: no rule to process file '/Users/kyle/vanilla/ios/Pods/Flipper-RSocket/rsocket/benchmarks/README.md' of type 'net.daringfireball.markdown' for architecture 'armv7' (in target 'Flipper-RSocket' from project 'Pods')
warning: no rule to process file '/Users/kyle/vanilla/ios/Pods/Flipper-RSocket/rsocket/README.md' of type 'net.daringfireball.markdown' for architecture 'armv7' (in target 'Flipper-RSocket' from project 'Pods')
warning: no rule to process file '/Users/kyle/vanilla/ios/Pods/Flipper-RSocket/rsocket/benchmarks/CMakeLists.txt' of type 'text' for architecture 'arm64' (in target 'Flipper-RSocket' from project 'Pods')
warning: no rule to process file '/Users/kyle/vanilla/ios/Pods/Flipper-RSocket/rsocket/benchmarks/README.md' of type 'net.daringfireball.markdown' for architecture 'arm64' (in target 'Flipper-RSocket' from project 'Pods')
warning: no rule to process file '/Users/kyle/vanilla/ios/Pods/Flipper-RSocket/rsocket/README.md' of type 'net.daringfireball.markdown' for architecture 'arm64' (in target 'Flipper-RSocket' from project 'Pods')
warning: The iOS deployment target 'IPHONEOS_DEPLOYMENT_TARGET' is set to 6.0, but the range of supported deployment target versions is 9.0 to 14.0.99. (in target 'OpenSSL-Universal' from project 'Pods')
warning: The iOS deployment target 'IPHONEOS_DEPLOYMENT_TARGET' is set to 8.0, but the range of supported deployment target versions is 9.0 to 14.0.99. (in target 'boost-for-react-native' from project 'Pods')
warning: The iOS deployment target 'IPHONEOS_DEPLOYMENT_TARGET' is set to 5.0, but the range of supported deployment target versions is 9.0 to 14.0.99. (in target 'CocoaAsyncSocket' from project 'Pods')
warning: The iOS deployment target 'IPHONEOS_DEPLOYMENT_TARGET' is set to 8.0, but the range of supported deployment target versions is 9.0 to 14.0.99. (in target 'Flipper' from project 'Pods')
warning: The iOS deployment target 'IPHONEOS_DEPLOYMENT_TARGET' is set to 8.4, but the range of supported deployment target versions is 9.0 to 14.0.99. (in target 'Flipper-PeerTalk' from project 'Pods')
warning: The iOS deployment target 'IPHONEOS_DEPLOYMENT_TARGET' is set to 8.0, but the range of supported deployment target versions is 9.0 to 14.0.99. (in target 'YogaKit' from project 'Pods')
error: "vanilla" requires a provisioning profile. Select a provisioning profile in the Signing & Capabilities editor. (in target 'vanilla' from project 'vanilla')

** ARCHIVE FAILED **